TN:
SF:/home/coder/Projects/shoe_Api/services/shoes.js
FN:1,(anonymous_0)
FN:3,(anonymous_1)
FN:8,(anonymous_2)
FN:24,(anonymous_3)
FN:31,(anonymous_4)
FN:38,(anonymous_5)
FNF:6
FNH:6
FNDA:1,(anonymous_0)
FNDA:5,(anonymous_1)
FNDA:24,(anonymous_2)
FNDA:2,(anonymous_3)
FNDA:1,(anonymous_4)
FNDA:1,(anonymous_5)
DA:1,1
DA:3,1
DA:4,5
DA:5,5
DA:8,1
DA:9,24
DA:10,24
DA:11,24
DA:12,23
DA:15,23
DA:17,1
DA:19,1
DA:24,1
DA:25,2
DA:26,2
DA:27,2
DA:31,1
DA:32,1
DA:33,1
DA:34,1
DA:38,1
DA:39,1
DA:40,1
DA:41,1
DA:45,1
LF:25
LH:25
BRDA:9,0,0,24
BRDA:9,0,1,0
BRDA:9,1,0,24
BRDA:9,1,1,24
BRDA:9,1,2,24
BRDA:9,1,3,24
BRDA:9,1,4,24
BRDA:11,2,0,23
BRDA:11,2,1,1
BRDA:25,3,0,2
BRDA:25,3,1,0
BRDA:32,4,0,1
BRDA:32,4,1,0
BRDA:39,5,0,1
BRDA:39,5,1,0
BRDA:39,6,0,1
BRDA:39,6,1,1
BRF:17
BRH:13
end_of_record
TN:
SF:/home/coder/Projects/shoe_Api/services/shopping_cart.js
FN:2,(anonymous_0)
FN:4,(anonymous_1)
FN:27,(anonymous_2)
FN:33,(anonymous_3)
FN:35,(anonymous_4)
FN:41,(anonymous_5)
FN:53,(anonymous_6)
FNF:7
FNH:7
FNDA:1,(anonymous_0)
FNDA:6,(anonymous_1)
FNDA:2,(anonymous_2)
FNDA:1,(anonymous_3)
FNDA:1,(anonymous_4)
FNDA:1,(anonymous_5)
FNDA:2,(anonymous_6)
DA:2,1
DA:4,1
DA:5,6
DA:6,6
DA:7,6
DA:8,6
DA:9,6
DA:10,6
DA:11,2
DA:12,2
DA:13,2
DA:17,4
DA:19,4
DA:20,4
DA:27,1
DA:28,2
DA:29,2
DA:30,2
DA:31,0
DA:33,2
DA:35,2
DA:36,1
DA:38,2
DA:41,1
DA:42,1
DA:46,1
DA:47,0
DA:49,1
DA:53,1
DA:54,2
DA:55,2
DA:56,1
DA:57,1
DA:58,1
DA:59,1
DA:62,1
DA:63,1
DA:65,1
DA:66,1
DA:70,1
LF:40
LH:38
BRDA:5,0,0,6
BRDA:5,0,1,0
BRDA:8,1,0,6
BRDA:8,1,1,0
BRDA:10,2,0,2
BRDA:10,2,1,4
BRDA:12,3,0,2
BRDA:12,3,1,0
BRDA:30,4,0,0
BRDA:30,4,1,2
BRDA:46,5,0,0
BRDA:46,5,1,1
BRDA:55,6,0,1
BRDA:55,6,1,1
BRF:14
BRH:9
end_of_record
